[INFO ] 2019-11-23 07:44:20.962 [main] FileDownloadTest - browser invoked
[INFO ] 2019-11-23 07:44:26.238 [main] FileDownloadTest - url sent to browser
[INFO ] 2019-11-23 07:44:26.395 [main] FileDownloadTest - Navigation Menu cliked
[INFO ] 2019-11-23 07:44:27.118 [main] FileDownloadTest - Download Link clicked
[INFO ] 2019-11-23 07:44:28.330 [main] FileDownloadTest - Test sent to textfiled
[INFO ] 2019-11-23 07:44:28.417 [main] FileDownloadTest - .txt file has been created
[INFO ] 2019-11-23 07:44:28.557 [main] FileDownloadTest - File downloaded
[INFO ] 2019-11-23 07:44:33.731 [main] AlertMenuTest - Browser invoked
[INFO ] 2019-11-23 07:44:38.843 [main] AlertMenuTest - Url sent to browser
[INFO ] 2019-11-23 07:44:39.038 [main] AlertMenuTest - Naivgation Menu clicked
[INFO ] 2019-11-23 07:44:40.024 [main] AlertMenuTest - JavaScript Alret Link clicked
[INFO ] 2019-11-23 07:44:40.106 [main] AlertMenuTest - Single Alret button clicked
[INFO ] 2019-11-23 07:44:41.627 [main] AlertMenuTest - Alert message save change button clicked
[INFO ] 2019-11-23 07:44:42.628 [main] AlertMenuTest - multiple Alert Message button clicked
[INFO ] 2019-11-23 07:51:20.107 [main] FileDownloadTest - browser invoked
[INFO ] 2019-11-23 07:51:24.998 [main] FileDownloadTest - url sent to browser
[INFO ] 2019-11-23 07:51:25.088 [main] FileDownloadTest - Navigation Menu cliked
[INFO ] 2019-11-23 07:51:25.959 [main] FileDownloadTest - Download Link clicked
[INFO ] 2019-11-23 07:51:27.175 [main] FileDownloadTest - Test sent to textfiled
[INFO ] 2019-11-23 07:51:27.260 [main] FileDownloadTest - .txt file has been created
[INFO ] 2019-11-23 07:51:27.392 [main] FileDownloadTest - File downloaded
[INFO ] 2019-11-23 07:51:32.375 [main] AlertMenuTest - Browser invoked
[INFO ] 2019-11-23 07:51:37.100 [main] AlertMenuTest - Url sent to browser
[INFO ] 2019-11-23 07:51:37.192 [main] AlertMenuTest - Naivgation Menu clicked
[INFO ] 2019-11-23 07:51:38.072 [main] AlertMenuTest - JavaScript Alret Link clicked
[INFO ] 2019-11-23 07:51:38.189 [main] AlertMenuTest - Single Alret button clicked
[INFO ] 2019-11-23 07:51:39.779 [main] AlertMenuTest - Alert message save change button clicked
[INFO ] 2019-11-23 07:51:40.781 [main] AlertMenuTest - multiple Alert Message button clicked
[INFO ] 2019-11-23 07:59:43.719 [main] FileDownloadTest - browser invoked
[INFO ] 2019-11-23 07:59:52.213 [main] FileDownloadTest - url sent to browser
[INFO ] 2019-11-23 07:59:52.316 [main] FileDownloadTest - Navigation Menu cliked
[INFO ] 2019-11-23 07:59:54.064 [main] FileDownloadTest - Download Link clicked
[INFO ] 2019-11-23 07:59:55.285 [main] FileDownloadTest - Test sent to textfiled
[INFO ] 2019-11-23 07:59:55.362 [main] FileDownloadTest - .txt file has been created
[INFO ] 2019-11-23 07:59:55.489 [main] FileDownloadTest - File downloaded
[INFO ] 2019-11-23 08:00:01.071 [main] AlertMenuTest - Browser invoked
[INFO ] 2019-11-23 08:00:07.319 [main] AlertMenuTest - Url sent to browser
[INFO ] 2019-11-23 08:00:07.454 [main] AlertMenuTest - Naivgation Menu clicked
[INFO ] 2019-11-23 08:00:08.911 [main] AlertMenuTest - JavaScript Alret Link clicked
[INFO ] 2019-11-23 08:00:09.026 [main] AlertMenuTest - Single Alret button clicked
[INFO ] 2019-11-23 08:00:10.728 [main] AlertMenuTest - Alert message save change button clicked
[INFO ] 2019-11-23 08:00:11.733 [main] AlertMenuTest - multiple Alert Message button clicked
[INFO ] 2019-11-23 08:07:10.490 [main] FileDownloadTest - browser invoked
[INFO ] 2019-11-23 08:07:34.435 [main] AlertMenuTest - Browser invoked
[INFO ] 2019-11-23 08:15:06.305 [main] FileDownloadTest - browser invoked
[INFO ] 2019-11-23 08:15:15.953 [main] FileDownloadTest - url sent to browser
[INFO ] 2019-11-23 08:15:16.092 [main] FileDownloadTest - Navigation Menu cliked
[INFO ] 2019-11-23 08:15:17.601 [main] FileDownloadTest - Download Link clicked
[INFO ] 2019-11-23 08:15:18.818 [main] FileDownloadTest - Test sent to textfiled
[INFO ] 2019-11-23 08:15:18.915 [main] FileDownloadTest - .txt file has been created
[INFO ] 2019-11-23 08:15:19.081 [main] FileDownloadTest - File downloaded
[INFO ] 2019-11-23 08:15:24.151 [main] AlertMenuTest - Browser invoked
[INFO ] 2019-11-23 08:15:33.405 [main] AlertMenuTest - Url sent to browser
[INFO ] 2019-11-23 08:15:33.525 [main] AlertMenuTest - Naivgation Menu clicked
[INFO ] 2019-11-23 08:15:34.936 [main] AlertMenuTest - JavaScript Alret Link clicked
[INFO ] 2019-11-23 08:15:35.023 [main] AlertMenuTest - Single Alret button clicked
[INFO ] 2019-11-23 08:15:37.506 [main] AlertMenuTest - Alert message save change button clicked
[INFO ] 2019-11-23 08:15:38.510 [main] AlertMenuTest - multiple Alert Message button clicked
